{"/Users/enzokeil/Desktop/ci-cd-project/src/App.css": {"path":"/Users/enzokeil/Desktop/ci-cd-project/src/App.css","statementMap":{},"fnMap":{},"branchMap":{},"s":{},"f":{},"b":{},"meta":{"lastBranch":0,"lastFunction":0,"lastStatement":0,"seen":{}}}
,"/Users/enzokeil/Desktop/ci-cd-project/src/App.tsx": {"path":"/Users/enzokeil/Desktop/ci-cd-project/src/App.tsx","statementMap":{"0":{"start":{"line":5,"column":2},"end":{"line":5,"column":null}}},"fnMap":{"0":{"name":"App","decl":{"start":{"line":4,"column":9},"end":{"line":4,"column":15}},"loc":{"start":{"line":4,"column":15},"end":{"line":5,"column":null}},"line":4}},"branchMap":{},"s":{"0":3},"f":{"0":3},"b":{},"meta":{"lastBranch":0,"lastFunction":1,"lastStatement":1,"seen":{"f:4:9:4:15":0,"s:5:2:5:Infinity":0}}}
,"/Users/enzokeil/Desktop/ci-cd-project/src/assets/hero.png": {"path":"/Users/enzokeil/Desktop/ci-cd-project/src/assets/hero.png","statementMap":{},"fnMap":{},"branchMap":{},"s":{},"f":{},"b":{},"meta":{"lastBranch":0,"lastFunction":0,"lastStatement":0,"seen":{}}}
,"/Users/enzokeil/Desktop/ci-cd-project/src/assets/react.svg": {"path":"/Users/enzokeil/Desktop/ci-cd-project/src/assets/react.svg","statementMap":{},"fnMap":{},"branchMap":{},"s":{},"f":{},"b":{},"meta":{"lastBranch":0,"lastFunction":0,"lastStatement":0,"seen":{}}}
,"/Users/enzokeil/Desktop/ci-cd-project/src/assets/vite.svg": {"path":"/Users/enzokeil/Desktop/ci-cd-project/src/assets/vite.svg","statementMap":{},"fnMap":{},"branchMap":{},"s":{},"f":{},"b":{},"meta":{"lastBranch":0,"lastFunction":0,"lastStatement":0,"seen":{}}}
,"/Users/enzokeil/Desktop/ci-cd-project/src/components/Counter/Counter.tsx": {"path":"/Users/enzokeil/Desktop/ci-cd-project/src/components/Counter/Counter.tsx","statementMap":{"0":{"start":{"line":3,"column":13},"end":{"line":12,"column":null}},"1":{"start":{"line":4,"column":16},"end":{"line":4,"column":39}},"2":{"start":{"line":6,"column":2},"end":{"line":12,"column":null}},"3":{"start":{"line":10,"column":21},"end":{"line":10,"column":51}},"4":{"start":{"line":10,"column":41},"end":{"line":10,"column":51}}},"fnMap":{"0":{"name":"(anonymous_0)","decl":{"start":{"line":3,"column":13},"end":{"line":3,"column":29}},"loc":{"start":{"line":3,"column":29},"end":{"line":12,"column":null}},"line":3},"1":{"name":"(anonymous_1)","decl":{"start":{"line":10,"column":6},"end":{"line":10,"column":21}},"loc":{"start":{"line":10,"column":21},"end":{"line":10,"column":51}},"line":10},"2":{"name":"(anonymous_2)","decl":{"start":{"line":10,"column":21},"end":{"line":10,"column":31}},"loc":{"start":{"line":10,"column":41},"end":{"line":10,"column":51}},"line":10}},"branchMap":{},"s":{"0":2,"1":24,"2":24,"3":1,"4":1},"f":{"0":24,"1":1,"2":1},"b":{},"meta":{"lastBranch":0,"lastFunction":3,"lastStatement":5,"seen":{"s:3:13:12:Infinity":0,"f:3:13:3:29":0,"s:4:16:4:39":1,"s:6:2:12:Infinity":2,"f:10:6:10:21":1,"s:10:21:10:51":3,"f:10:21:10:31":2,"s:10:41:10:51":4}}}
,"/Users/enzokeil/Desktop/ci-cd-project/src/components/Hero/Hero.tsx": {"path":"/Users/enzokeil/Desktop/ci-cd-project/src/components/Hero/Hero.tsx","statementMap":{"0":{"start":{"line":5,"column":13},"end":{"line":10,"column":null}},"1":{"start":{"line":6,"column":2},"end":{"line":10,"column":null}}},"fnMap":{"0":{"name":"(anonymous_0)","decl":{"start":{"line":5,"column":13},"end":{"line":5,"column":26}},"loc":{"start":{"line":5,"column":26},"end":{"line":10,"column":null}},"line":5}},"branchMap":{},"s":{"0":1,"1":22},"f":{"0":22},"b":{},"meta":{"lastBranch":0,"lastFunction":1,"lastStatement":2,"seen":{"s:5:13:10:Infinity":0,"f:5:13:5:26":0,"s:6:2:10:Infinity":1}}}
,"/Users/enzokeil/Desktop/ci-cd-project/src/components/ui/button.tsx": {"path":"/Users/enzokeil/Desktop/ci-cd-project/src/components/ui/button.tsx","statementMap":{"0":{"start":{"line":7,"column":6},"end":{"line":39,"column":null}},"1":{"start":{"line":52,"column":15},"end":{"line":52,"column":null}},"2":{"start":{"line":54,"column":2},"end":{"line":61,"column":null}}},"fnMap":{"0":{"name":"Button","decl":{"start":{"line":42,"column":9},"end":{"line":42,"column":16}},"loc":{"start":{"line":51,"column":5},"end":{"line":61,"column":null}},"line":51}},"branchMap":{"0":{"loc":{"start":{"line":44,"column":2},"end":{"line":44,"column":null}},"type":"default-arg","locations":[{"start":{"line":44,"column":12},"end":{"line":44,"column":null}}],"line":44},"1":{"loc":{"start":{"line":45,"column":2},"end":{"line":45,"column":null}},"type":"default-arg","locations":[{"start":{"line":45,"column":9},"end":{"line":45,"column":null}}],"line":45},"2":{"loc":{"start":{"line":46,"column":2},"end":{"line":46,"column":null}},"type":"default-arg","locations":[{"start":{"line":46,"column":12},"end":{"line":46,"column":null}}],"line":46},"3":{"loc":{"start":{"line":52,"column":15},"end":{"line":52,"column":null}},"type":"cond-expr","locations":[{"start":{"line":52,"column":25},"end":{"line":52,"column":37}},{"start":{"line":52,"column":37},"end":{"line":52,"column":null}}],"line":52}},"s":{"0":2,"1":50,"2":50},"f":{"0":50},"b":{"0":[50],"1":[50],"2":[50],"3":[0,50]},"meta":{"lastBranch":4,"lastFunction":1,"lastStatement":3,"seen":{"s:7:6:39:Infinity":0,"f:42:9:42:16":0,"b:44:12:44:Infinity":0,"b:45:9:45:Infinity":1,"b:46:12:46:Infinity":2,"s:52:15:52:Infinity":1,"b:52:25:52:37:52:37:52:Infinity":3,"s:54:2:61:Infinity":2}}}
,"/Users/enzokeil/Desktop/ci-cd-project/src/components/ui/dialog.tsx": {"path":"/Users/enzokeil/Desktop/ci-cd-project/src/components/ui/dialog.tsx","statementMap":{"0":{"start":{"line":11,"column":2},"end":{"line":11,"column":null}},"1":{"start":{"line":17,"column":2},"end":{"line":17,"column":null}},"2":{"start":{"line":23,"column":2},"end":{"line":23,"column":null}},"3":{"start":{"line":29,"column":2},"end":{"line":29,"column":null}},"4":{"start":{"line":36,"column":2},"end":{"line":44,"column":null}},"5":{"start":{"line":56,"column":2},"end":{"line":82,"column":null}},"6":{"start":{"line":87,"column":2},"end":{"line":92,"column":null}},"7":{"start":{"line":104,"column":2},"end":{"line":117,"column":null}},"8":{"start":{"line":127,"column":2},"end":{"line":135,"column":null}},"9":{"start":{"line":143,"column":2},"end":{"line":151,"column":null}}},"fnMap":{"0":{"name":"Dialog","decl":{"start":{"line":8,"column":9},"end":{"line":8,"column":16}},"loc":{"start":{"line":10,"column":54},"end":{"line":11,"column":null}},"line":10},"1":{"name":"DialogTrigger","decl":{"start":{"line":14,"column":9},"end":{"line":14,"column":23}},"loc":{"start":{"line":16,"column":57},"end":{"line":17,"column":null}},"line":16},"2":{"name":"DialogPortal","decl":{"start":{"line":20,"column":9},"end":{"line":20,"column":22}},"loc":{"start":{"line":22,"column":56},"end":{"line":23,"column":null}},"line":22},"3":{"name":"DialogClose","decl":{"start":{"line":26,"column":9},"end":{"line":26,"column":21}},"loc":{"start":{"line":28,"column":55},"end":{"line":29,"column":null}},"line":28},"4":{"name":"DialogOverlay","decl":{"start":{"line":32,"column":9},"end":{"line":32,"column":23}},"loc":{"start":{"line":35,"column":57},"end":{"line":44,"column":null}},"line":35},"5":{"name":"DialogContent","decl":{"start":{"line":48,"column":9},"end":{"line":48,"column":23}},"loc":{"start":{"line":55,"column":3},"end":{"line":82,"column":null}},"line":55},"6":{"name":"DialogHeader","decl":{"start":{"line":86,"column":9},"end":{"line":86,"column":22}},"loc":{"start":{"line":86,"column":76},"end":{"line":92,"column":null}},"line":86},"7":{"name":"DialogFooter","decl":{"start":{"line":96,"column":9},"end":{"line":96,"column":22}},"loc":{"start":{"line":103,"column":3},"end":{"line":117,"column":null}},"line":103},"8":{"name":"DialogTitle","decl":{"start":{"line":123,"column":9},"end":{"line":123,"column":21}},"loc":{"start":{"line":126,"column":55},"end":{"line":135,"column":null}},"line":126},"9":{"name":"DialogDescription","decl":{"start":{"line":139,"column":9},"end":{"line":139,"column":27}},"loc":{"start":{"line":142,"column":61},"end":{"line":151,"column":null}},"line":142}},"branchMap":{"0":{"loc":{"start":{"line":51,"column":2},"end":{"line":51,"column":null}},"type":"default-arg","locations":[{"start":{"line":51,"column":20},"end":{"line":51,"column":null}}],"line":51},"1":{"loc":{"start":{"line":68,"column":9},"end":{"line":79,"column":null}},"type":"binary-expr","locations":[{"start":{"line":68,"column":9},"end":{"line":68,"column":null}},{"start":{"line":69,"column":10},"end":{"line":79,"column":null}}],"line":68},"2":{"loc":{"start":{"line":98,"column":2},"end":{"line":98,"column":null}},"type":"default-arg","locations":[{"start":{"line":98,"column":20},"end":{"line":98,"column":null}}],"line":98},"3":{"loc":{"start":{"line":114,"column":7},"end":{"line":117,"column":null}},"type":"binary-expr","locations":[{"start":{"line":114,"column":7},"end":{"line":114,"column":null}},{"start":{"line":115,"column":8},"end":{"line":117,"column":null}}],"line":114}},"s":{"0":22,"1":0,"2":22,"3":0,"4":3,"5":22,"6":2,"7":0,"8":2,"9":2},"f":{"0":22,"1":0,"2":22,"3":0,"4":3,"5":22,"6":2,"7":0,"8":2,"9":2},"b":{"0":[22],"1":[22,22],"2":[0],"3":[0,0]},"meta":{"lastBranch":4,"lastFunction":10,"lastStatement":10,"seen":{"f:8:9:8:16":0,"s:11:2:11:Infinity":0,"f:14:9:14:23":1,"s:17:2:17:Infinity":1,"f:20:9:20:22":2,"s:23:2:23:Infinity":2,"f:26:9:26:21":3,"s:29:2:29:Infinity":3,"f:32:9:32:23":4,"s:36:2:44:Infinity":4,"f:48:9:48:23":5,"b:51:20:51:Infinity":0,"s:56:2:82:Infinity":5,"b:68:9:68:Infinity:69:10:79:Infinity":1,"f:86:9:86:22":6,"s:87:2:92:Infinity":6,"f:96:9:96:22":7,"b:98:20:98:Infinity":2,"s:104:2:117:Infinity":7,"b:114:7:114:Infinity:115:8:117:Infinity":3,"f:123:9:123:21":8,"s:127:2:135:Infinity":8,"f:139:9:139:27":9,"s:143:2:151:Infinity":9}}}
,"/Users/enzokeil/Desktop/ci-cd-project/src/components/ui/field.tsx": {"path":"/Users/enzokeil/Desktop/ci-cd-project/src/components/ui/field.tsx","statementMap":{"0":{"start":{"line":9,"column":2},"end":{"line":17,"column":null}},"1":{"start":{"line":26,"column":2},"end":{"line":35,"column":null}},"2":{"start":{"line":40,"column":2},"end":{"line":48,"column":null}},"3":{"start":{"line":52,"column":6},"end":{"line":67,"column":null}},"4":{"start":{"line":75,"column":2},"end":{"line":82,"column":null}},"5":{"start":{"line":87,"column":2},"end":{"line":95,"column":null}},"6":{"start":{"line":103,"column":2},"end":{"line":112,"column":null}},"7":{"start":{"line":117,"column":2},"end":{"line":125,"column":null}},"8":{"start":{"line":130,"column":2},"end":{"line":140,"column":null}},"9":{"start":{"line":151,"column":2},"end":{"line":168,"column":null}},"10":{"start":{"line":182,"column":8},"end":{"line":207,"column":24}},"11":{"start":{"line":183,"column":4},"end":{"line":184,"column":null}},"12":{"start":{"line":184,"column":6},"end":{"line":184,"column":null}},"13":{"start":{"line":187,"column":4},"end":{"line":188,"column":null}},"14":{"start":{"line":188,"column":6},"end":{"line":188,"column":null}},"15":{"start":{"line":191,"column":25},"end":{"line":192,"column":null}},"16":{"start":{"line":192,"column":39},"end":{"line":192,"column":62}},"17":{"start":{"line":195,"column":4},"end":{"line":196,"column":null}},"18":{"start":{"line":196,"column":6},"end":{"line":196,"column":null}},"19":{"start":{"line":199,"column":4},"end":{"line":205,"column":null}},"20":{"start":{"line":203,"column":12},"end":{"line":203,"column":null}},"21":{"start":{"line":209,"column":2},"end":{"line":210,"column":null}},"22":{"start":{"line":210,"column":4},"end":{"line":210,"column":null}},"23":{"start":{"line":213,"column":2},"end":{"line":221,"column":null}}},"fnMap":{"0":{"name":"FieldSet","decl":{"start":{"line":8,"column":9},"end":{"line":8,"column":18}},"loc":{"start":{"line":8,"column":77},"end":{"line":17,"column":null}},"line":8},"1":{"name":"FieldLegend","decl":{"start":{"line":21,"column":9},"end":{"line":21,"column":21}},"loc":{"start":{"line":25,"column":70},"end":{"line":35,"column":null}},"line":25},"2":{"name":"FieldGroup","decl":{"start":{"line":39,"column":9},"end":{"line":39,"column":20}},"loc":{"start":{"line":39,"column":74},"end":{"line":48,"column":null}},"line":39},"3":{"name":"Field","decl":{"start":{"line":70,"column":9},"end":{"line":70,"column":15}},"loc":{"start":{"line":74,"column":69},"end":{"line":82,"column":null}},"line":74},"4":{"name":"FieldContent","decl":{"start":{"line":86,"column":9},"end":{"line":86,"column":22}},"loc":{"start":{"line":86,"column":76},"end":{"line":95,"column":null}},"line":86},"5":{"name":"FieldLabel","decl":{"start":{"line":99,"column":9},"end":{"line":99,"column":20}},"loc":{"start":{"line":102,"column":39},"end":{"line":112,"column":null}},"line":102},"6":{"name":"FieldTitle","decl":{"start":{"line":116,"column":9},"end":{"line":116,"column":20}},"loc":{"start":{"line":116,"column":74},"end":{"line":125,"column":null}},"line":116},"7":{"name":"FieldDescription","decl":{"start":{"line":129,"column":9},"end":{"line":129,"column":26}},"loc":{"start":{"line":129,"column":78},"end":{"line":140,"column":null}},"line":129},"8":{"name":"FieldSeparator","decl":{"start":{"line":144,"column":9},"end":{"line":144,"column":24}},"loc":{"start":{"line":150,"column":3},"end":{"line":168,"column":null}},"line":150},"9":{"name":"FieldError","decl":{"start":{"line":174,"column":9},"end":{"line":174,"column":20}},"loc":{"start":{"line":181,"column":3},"end":{"line":221,"column":null}},"line":181},"10":{"name":"(anonymous_10)","decl":{"start":{"line":182,"column":18},"end":{"line":182,"column":32}},"loc":{"start":{"line":182,"column":32},"end":{"line":207,"column":6}},"line":182},"11":{"name":"(anonymous_11)","decl":{"start":{"line":192,"column":24},"end":{"line":192,"column":29}},"loc":{"start":{"line":192,"column":39},"end":{"line":192,"column":62}},"line":192},"12":{"name":"(anonymous_12)","decl":{"start":{"line":201,"column":22},"end":{"line":201,"column":null}},"loc":{"start":{"line":203,"column":12},"end":{"line":203,"column":null}},"line":203}},"branchMap":{"0":{"loc":{"start":{"line":23,"column":2},"end":{"line":23,"column":null}},"type":"default-arg","locations":[{"start":{"line":23,"column":12},"end":{"line":23,"column":null}}],"line":23},"1":{"loc":{"start":{"line":72,"column":2},"end":{"line":72,"column":null}},"type":"default-arg","locations":[{"start":{"line":72,"column":16},"end":{"line":72,"column":null}}],"line":72},"2":{"loc":{"start":{"line":162,"column":7},"end":{"line":168,"column":null}},"type":"binary-expr","locations":[{"start":{"line":162,"column":7},"end":{"line":162,"column":null}},{"start":{"line":163,"column":8},"end":{"line":168,"column":null}}],"line":162},"3":{"loc":{"start":{"line":183,"column":4},"end":{"line":184,"column":null}},"type":"if","locations":[{"start":{"line":183,"column":4},"end":{"line":184,"column":null}},{"start":{},"end":{}}],"line":183},"4":{"loc":{"start":{"line":187,"column":4},"end":{"line":188,"column":null}},"type":"if","locations":[{"start":{"line":187,"column":4},"end":{"line":188,"column":null}},{"start":{},"end":{}}],"line":187},"5":{"loc":{"start":{"line":195,"column":4},"end":{"line":196,"column":null}},"type":"if","locations":[{"start":{"line":195,"column":4},"end":{"line":196,"column":null}},{"start":{},"end":{}}],"line":195},"6":{"loc":{"start":{"line":203,"column":12},"end":{"line":203,"column":null}},"type":"binary-expr","locations":[{"start":{"line":203,"column":12},"end":{"line":203,"column":30}},{"start":{"line":203,"column":30},"end":{"line":203,"column":null}}],"line":203},"7":{"loc":{"start":{"line":209,"column":2},"end":{"line":210,"column":null}},"type":"if","locations":[{"start":{"line":209,"column":2},"end":{"line":210,"column":null}},{"start":{},"end":{}}],"line":209}},"s":{"0":22,"1":22,"2":22,"3":1,"4":132,"5":0,"6":132,"7":0,"8":0,"9":0,"10":0,"11":0,"12":0,"13":0,"14":0,"15":0,"16":0,"17":0,"18":0,"19":0,"20":0,"21":0,"22":0,"23":0},"f":{"0":22,"1":22,"2":22,"3":132,"4":0,"5":132,"6":0,"7":0,"8":0,"9":0,"10":0,"11":0,"12":0},"b":{"0":[22],"1":[132],"2":[0,0],"3":[0,0],"4":[0,0],"5":[0,0],"6":[0,0],"7":[0,0]},"meta":{"lastBranch":8,"lastFunction":13,"lastStatement":24,"seen":{"f:8:9:8:18":0,"s:9:2:17:Infinity":0,"f:21:9:21:21":1,"b:23:12:23:Infinity":0,"s:26:2:35:Infinity":1,"f:39:9:39:20":2,"s:40:2:48:Infinity":2,"s:52:6:67:Infinity":3,"f:70:9:70:15":3,"b:72:16:72:Infinity":1,"s:75:2:82:Infinity":4,"f:86:9:86:22":4,"s:87:2:95:Infinity":5,"f:99:9:99:20":5,"s:103:2:112:Infinity":6,"f:116:9:116:20":6,"s:117:2:125:Infinity":7,"f:129:9:129:26":7,"s:130:2:140:Infinity":8,"f:144:9:144:24":8,"s:151:2:168:Infinity":9,"b:162:7:162:Infinity:163:8:168:Infinity":2,"f:174:9:174:20":9,"s:182:8:207:24":10,"f:182:18:182:32":10,"b:183:4:184:Infinity:undefined:undefined:undefined:undefined":3,"s:183:4:184:Infinity":11,"s:184:6:184:Infinity":12,"b:187:4:188:Infinity:undefined:undefined:undefined:undefined":4,"s:187:4:188:Infinity":13,"s:188:6:188:Infinity":14,"s:191:25:192:Infinity":15,"f:192:24:192:29":11,"s:192:39:192:62":16,"b:195:4:196:Infinity:undefined:undefined:undefined:undefined":5,"s:195:4:196:Infinity":17,"s:196:6:196:Infinity":18,"s:199:4:205:Infinity":19,"f:201:22:201:Infinity":12,"s:203:12:203:Infinity":20,"b:203:12:203:30:203:30:203:Infinity":6,"b:209:2:210:Infinity:undefined:undefined:undefined:undefined":7,"s:209:2:210:Infinity":21,"s:210:4:210:Infinity":22,"s:213:2:221:Infinity":23}}}
,"/Users/enzokeil/Desktop/ci-cd-project/src/components/ui/input.tsx": {"path":"/Users/enzokeil/Desktop/ci-cd-project/src/components/ui/input.tsx","statementMap":{"0":{"start":{"line":6,"column":2},"end":{"line":15,"column":null}}},"fnMap":{"0":{"name":"Input","decl":{"start":{"line":5,"column":9},"end":{"line":5,"column":15}},"loc":{"start":{"line":5,"column":77},"end":{"line":15,"column":null}},"line":5}},"branchMap":{},"s":{"0":132},"f":{"0":132},"b":{},"meta":{"lastBranch":0,"lastFunction":1,"lastStatement":1,"seen":{"f:5:9:5:15":0,"s:6:2:15:Infinity":0}}}
,"/Users/enzokeil/Desktop/ci-cd-project/src/components/ui/label.tsx": {"path":"/Users/enzokeil/Desktop/ci-cd-project/src/components/ui/label.tsx","statementMap":{"0":{"start":{"line":10,"column":2},"end":{"line":18,"column":null}}},"fnMap":{"0":{"name":"Label","decl":{"start":{"line":6,"column":9},"end":{"line":6,"column":15}},"loc":{"start":{"line":9,"column":53},"end":{"line":18,"column":null}},"line":9}},"branchMap":{},"s":{"0":132},"f":{"0":132},"b":{},"meta":{"lastBranch":0,"lastFunction":1,"lastStatement":1,"seen":{"f:6:9:6:15":0,"s:10:2:18:Infinity":0}}}
,"/Users/enzokeil/Desktop/ci-cd-project/src/components/ui/separator.tsx": {"path":"/Users/enzokeil/Desktop/ci-cd-project/src/components/ui/separator.tsx","statementMap":{"0":{"start":{"line":1,"column":0},"end":{"line":1,"column":null}},"1":{"start":{"line":14,"column":2},"end":{"line":24,"column":null}}},"fnMap":{"0":{"name":"Separator","decl":{"start":{"line":8,"column":9},"end":{"line":8,"column":19}},"loc":{"start":{"line":13,"column":57},"end":{"line":24,"column":null}},"line":13}},"branchMap":{"0":{"loc":{"start":{"line":10,"column":2},"end":{"line":10,"column":null}},"type":"default-arg","locations":[{"start":{"line":10,"column":16},"end":{"line":10,"column":null}}],"line":10},"1":{"loc":{"start":{"line":11,"column":2},"end":{"line":11,"column":null}},"type":"default-arg","locations":[{"start":{"line":11,"column":15},"end":{"line":11,"column":null}}],"line":11}},"s":{"0":1,"1":0},"f":{"0":0},"b":{"0":[0],"1":[0]},"meta":{"lastBranch":2,"lastFunction":1,"lastStatement":2,"seen":{"s:1:0:1:Infinity":0,"f:8:9:8:19":0,"b:10:16:10:Infinity":0,"b:11:15:11:Infinity":1,"s:14:2:24:Infinity":1}}}
,"/Users/enzokeil/Desktop/ci-cd-project/src/lib/utils.ts": {"path":"/Users/enzokeil/Desktop/ci-cd-project/src/lib/utils.ts","statementMap":{"0":{"start":{"line":5,"column":2},"end":{"line":5,"column":null}}},"fnMap":{"0":{"name":"cn","decl":{"start":{"line":4,"column":16},"end":{"line":4,"column":19}},"loc":{"start":{"line":4,"column":44},"end":{"line":5,"column":null}},"line":4}},"branchMap":{},"s":{"0":675},"f":{"0":675},"b":{},"meta":{"lastBranch":0,"lastFunction":1,"lastStatement":1,"seen":{"f:4:16:4:19":0,"s:5:2:5:Infinity":0}}}
,"/Users/enzokeil/Desktop/ci-cd-project/src/pages/HomePage/HomePage.tsx": {"path":"/Users/enzokeil/Desktop/ci-cd-project/src/pages/HomePage/HomePage.tsx","statementMap":{"0":{"start":{"line":24,"column":13},"end":{"line":132,"column":null}},"1":{"start":{"line":25,"column":17},"end":{"line":25,"column":45}},"2":{"start":{"line":26,"column":19},"end":{"line":33,"column":4}},"3":{"start":{"line":36,"column":8},"end":{"line":42,"column":24}},"4":{"start":{"line":44,"column":8},"end":{"line":50,"column":null}},"5":{"start":{"line":45,"column":4},"end":{"line":45,"column":null}},"6":{"start":{"line":46,"column":4},"end":{"line":50,"column":null}},"7":{"start":{"line":48,"column":6},"end":{"line":48,"column":null}},"8":{"start":{"line":49,"column":6},"end":{"line":49,"column":null}},"9":{"start":{"line":50,"column":6},"end":{"line":50,"column":null}},"10":{"start":{"line":54,"column":8},"end":{"line":55,"column":null}},"11":{"start":{"line":55,"column":4},"end":{"line":55,"column":null}},"12":{"start":{"line":58,"column":2},"end":{"line":132,"column":null}},"13":{"start":{"line":126,"column":35},"end":{"line":126,"column":51}}},"fnMap":{"0":{"name":"(anonymous_0)","decl":{"start":{"line":24,"column":13},"end":{"line":24,"column":30}},"loc":{"start":{"line":24,"column":30},"end":{"line":132,"column":null}},"line":24},"1":{"name":"(anonymous_1)","decl":{"start":{"line":44,"column":8},"end":{"line":44,"column":24}},"loc":{"start":{"line":44,"column":47},"end":{"line":50,"column":null}},"line":44},"2":{"name":"(anonymous_2)","decl":{"start":{"line":54,"column":8},"end":{"line":54,"column":24}},"loc":{"start":{"line":54,"column":67},"end":{"line":55,"column":null}},"line":54},"3":{"name":"(anonymous_3)","decl":{"start":{"line":126,"column":20},"end":{"line":126,"column":35}},"loc":{"start":{"line":126,"column":35},"end":{"line":126,"column":51}},"line":126}},"branchMap":{"0":{"loc":{"start":{"line":36,"column":8},"end":{"line":42,"column":24}},"type":"binary-expr","locations":[{"start":{"line":36,"column":8},"end":{"line":37,"column":30}},{"start":{"line":37,"column":30},"end":{"line":38,"column":27}},{"start":{"line":38,"column":27},"end":{"line":39,"column":28}},{"start":{"line":39,"column":28},"end":{"line":40,"column":28}},{"start":{"line":40,"column":28},"end":{"line":41,"column":29}},{"start":{"line":41,"column":29},"end":{"line":42,"column":24}}],"line":36},"1":{"loc":{"start":{"line":46,"column":4},"end":{"line":50,"column":null}},"type":"if","locations":[{"start":{"line":46,"column":4},"end":{"line":50,"column":null}},{"start":{},"end":{}}],"line":46},"2":{"loc":{"start":{"line":79,"column":17},"end":{"line":79,"column":null}},"type":"binary-expr","locations":[{"start":{"line":79,"column":17},"end":{"line":79,"column":36}},{"start":{"line":79,"column":36},"end":{"line":79,"column":63}},{"start":{"line":79,"column":67},"end":{"line":79,"column":null}}],"line":79},"3":{"loc":{"start":{"line":84,"column":17},"end":{"line":84,"column":null}},"type":"binary-expr","locations":[{"start":{"line":84,"column":17},"end":{"line":84,"column":33}},{"start":{"line":84,"column":33},"end":{"line":84,"column":57}},{"start":{"line":84,"column":61},"end":{"line":84,"column":null}}],"line":84},"4":{"loc":{"start":{"line":89,"column":17},"end":{"line":89,"column":null}},"type":"binary-expr","locations":[{"start":{"line":89,"column":17},"end":{"line":89,"column":35}},{"start":{"line":89,"column":26},"end":{"line":89,"column":null}}],"line":89},"5":{"loc":{"start":{"line":89,"column":26},"end":{"line":89,"column":null}},"type":"cond-expr","locations":[{"start":{"line":89,"column":62},"end":{"line":89,"column":126}},{"start":{"line":89,"column":125},"end":{"line":89,"column":null}}],"line":89},"6":{"loc":{"start":{"line":94,"column":17},"end":{"line":94,"column":null}},"type":"binary-expr","locations":[{"start":{"line":94,"column":17},"end":{"line":94,"column":36}},{"start":{"line":94,"column":26},"end":{"line":94,"column":null}}],"line":94},"7":{"loc":{"start":{"line":94,"column":26},"end":{"line":94,"column":null}},"type":"cond-expr","locations":[{"start":{"line":94,"column":63},"end":{"line":94,"column":121}},{"start":{"line":94,"column":120},"end":{"line":94,"column":null}}],"line":94},"8":{"loc":{"start":{"line":99,"column":17},"end":{"line":99,"column":null}},"type":"binary-expr","locations":[{"start":{"line":99,"column":17},"end":{"line":99,"column":35}},{"start":{"line":99,"column":35},"end":{"line":99,"column":61}},{"start":{"line":99,"column":65},"end":{"line":99,"column":null}}],"line":99},"9":{"loc":{"start":{"line":104,"column":17},"end":{"line":104,"column":null}},"type":"binary-expr","locations":[{"start":{"line":104,"column":17},"end":{"line":104,"column":33}},{"start":{"line":104,"column":26},"end":{"line":104,"column":null}}],"line":104},"10":{"loc":{"start":{"line":104,"column":26},"end":{"line":104,"column":null}},"type":"cond-expr","locations":[{"start":{"line":104,"column":56},"end":{"line":104,"column":121}},{"start":{"line":104,"column":120},"end":{"line":104,"column":null}}],"line":104}},"s":{"0":1,"1":22,"2":22,"3":22,"4":22,"5":2,"6":2,"7":1,"8":1,"9":1,"10":22,"11":17,"12":22,"13":1},"f":{"0":22,"1":2,"2":17,"3":1},"b":{"0":[22,14,12,10,5,4],"1":[1,1],"2":[22,19,5],"3":[22,16,4],"4":[22,12],"5":[10,2],"6":[22,6],"7":[5,1],"8":[22,10,3],"9":[22,6],"10":[5,1]},"meta":{"lastBranch":11,"lastFunction":4,"lastStatement":14,"seen":{"s:24:13:132:Infinity":0,"f:24:13:24:30":0,"s:25:17:25:45":1,"s:26:19:33:4":2,"s:36:8:42:24":3,"b:36:8:37:30:37:30:38:27:38:27:39:28:39:28:40:28:40:28:41:29:41:29:42:24":0,"s:44:8:50:Infinity":4,"f:44:8:44:24":1,"s:45:4:45:Infinity":5,"b:46:4:50:Infinity:undefined:undefined:undefined:undefined":1,"s:46:4:50:Infinity":6,"s:48:6:48:Infinity":7,"s:49:6:49:Infinity":8,"s:50:6:50:Infinity":9,"s:54:8:55:Infinity":10,"f:54:8:54:24":2,"s:55:4:55:Infinity":11,"s:58:2:132:Infinity":12,"b:79:17:79:36:79:36:79:63:79:67:79:Infinity":2,"b:84:17:84:33:84:33:84:57:84:61:84:Infinity":3,"b:89:17:89:35:89:26:89:Infinity":4,"b:89:62:89:126:89:125:89:Infinity":5,"b:94:17:94:36:94:26:94:Infinity":6,"b:94:63:94:121:94:120:94:Infinity":7,"b:99:17:99:35:99:35:99:61:99:65:99:Infinity":8,"b:104:17:104:33:104:26:104:Infinity":9,"b:104:56:104:121:104:120:104:Infinity":10,"f:126:20:126:35":3,"s:126:35:126:51":13}}}
,"/Users/enzokeil/Desktop/ci-cd-project/src/utils/age.ts": {"path":"/Users/enzokeil/Desktop/ci-cd-project/src/utils/age.ts","statementMap":{"0":{"start":{"line":7,"column":2},"end":{"line":7,"column":null}},"1":{"start":{"line":7,"column":14},"end":{"line":7,"column":null}},"2":{"start":{"line":9,"column":20},"end":{"line":9,"column":null}},"3":{"start":{"line":11,"column":2},"end":{"line":12,"column":null}},"4":{"start":{"line":12,"column":4},"end":{"line":12,"column":null}},"5":{"start":{"line":15,"column":19},"end":{"line":15,"column":51}},"6":{"start":{"line":16,"column":18},"end":{"line":16,"column":36}},"7":{"start":{"line":17,"column":14},"end":{"line":17,"column":55}},"8":{"start":{"line":19,"column":2},"end":{"line":19,"column":null}}},"fnMap":{"0":{"name":"checkAge","decl":{"start":{"line":6,"column":16},"end":{"line":6,"column":25}},"loc":{"start":{"line":6,"column":56},"end":{"line":19,"column":null}},"line":6}},"branchMap":{"0":{"loc":{"start":{"line":7,"column":2},"end":{"line":7,"column":null}},"type":"if","locations":[{"start":{"line":7,"column":2},"end":{"line":7,"column":null}},{"start":{},"end":{}}],"line":7},"1":{"loc":{"start":{"line":9,"column":20},"end":{"line":9,"column":null}},"type":"cond-expr","locations":[{"start":{"line":9,"column":48},"end":{"line":9,"column":63}},{"start":{"line":9,"column":66},"end":{"line":9,"column":null}}],"line":9},"2":{"loc":{"start":{"line":11,"column":2},"end":{"line":12,"column":null}},"type":"if","locations":[{"start":{"line":11,"column":2},"end":{"line":12,"column":null}},{"start":{},"end":{}}],"line":11},"3":{"loc":{"start":{"line":11,"column":6},"end":{"line":11,"column":58}},"type":"binary-expr","locations":[{"start":{"line":11,"column":6},"end":{"line":11,"column":32}},{"start":{"line":11,"column":36},"end":{"line":11,"column":58}}],"line":11}},"s":{"0":24,"1":6,"2":18,"3":24,"4":2,"5":16,"6":16,"7":16,"8":16},"f":{"0":24},"b":{"0":[6,18],"1":[17,1],"2":[2,22],"3":[24,17]},"meta":{"lastBranch":4,"lastFunction":1,"lastStatement":9,"seen":{"f:6:16:6:25":0,"b:7:2:7:Infinity:undefined:undefined:undefined:undefined":0,"s:7:2:7:Infinity":0,"s:7:14:7:Infinity":1,"s:9:20:9:Infinity":2,"b:9:48:9:63:9:66:9:Infinity":1,"b:11:2:12:Infinity:undefined:undefined:undefined:undefined":2,"s:11:2:12:Infinity":3,"b:11:6:11:32:11:36:11:58":3,"s:12:4:12:Infinity":4,"s:15:19:15:51":5,"s:16:18:16:36":6,"s:17:14:17:55":7,"s:19:2:19:Infinity":8}}}
,"/Users/enzokeil/Desktop/ci-cd-project/src/utils/form.ts": {"path":"/Users/enzokeil/Desktop/ci-cd-project/src/utils/form.ts","statementMap":{"0":{"start":{"line":7,"column":2},"end":{"line":7,"column":null}},"1":{"start":{"line":7,"column":32},"end":{"line":7,"column":null}},"2":{"start":{"line":9,"column":20},"end":{"line":9,"column":null}},"3":{"start":{"line":10,"column":2},"end":{"line":10,"column":null}},"4":{"start":{"line":19,"column":2},"end":{"line":19,"column":null}},"5":{"start":{"line":19,"column":30},"end":{"line":19,"column":null}},"6":{"start":{"line":20,"column":18},"end":{"line":20,"column":null}},"7":{"start":{"line":21,"column":2},"end":{"line":21,"column":null}}},"fnMap":{"0":{"name":"checkName","decl":{"start":{"line":6,"column":16},"end":{"line":6,"column":26}},"loc":{"start":{"line":6,"column":49},"end":{"line":10,"column":null}},"line":6},"1":{"name":"checkCP","decl":{"start":{"line":18,"column":16},"end":{"line":18,"column":24}},"loc":{"start":{"line":18,"column":45},"end":{"line":21,"column":null}},"line":18}},"branchMap":{"0":{"loc":{"start":{"line":7,"column":2},"end":{"line":7,"column":null}},"type":"if","locations":[{"start":{"line":7,"column":2},"end":{"line":7,"column":null}},{"start":{},"end":{}}],"line":7},"1":{"loc":{"start":{"line":19,"column":2},"end":{"line":19,"column":null}},"type":"if","locations":[{"start":{"line":19,"column":2},"end":{"line":19,"column":null}},{"start":{},"end":{}}],"line":19}},"s":{"0":95,"1":2,"2":93,"3":93,"4":18,"5":2,"6":16,"7":16},"f":{"0":95,"1":18},"b":{"0":[2,93],"1":[2,16]},"meta":{"lastBranch":2,"lastFunction":2,"lastStatement":8,"seen":{"f:6:16:6:26":0,"b:7:2:7:Infinity:undefined:undefined:undefined:undefined":0,"s:7:2:7:Infinity":0,"s:7:32:7:Infinity":1,"s:9:20:9:Infinity":2,"s:10:2:10:Infinity":3,"f:18:16:18:24":1,"b:19:2:19:Infinity:undefined:undefined:undefined:undefined":1,"s:19:2:19:Infinity":4,"s:19:30:19:Infinity":5,"s:20:18:20:Infinity":6,"s:21:2:21:Infinity":7}}}
,"/Users/enzokeil/Desktop/ci-cd-project/src/utils/mail.ts": {"path":"/Users/enzokeil/Desktop/ci-cd-project/src/utils/mail.ts","statementMap":{"0":{"start":{"line":7,"column":4},"end":{"line":8,"column":null}},"1":{"start":{"line":8,"column":8},"end":{"line":8,"column":null}},"2":{"start":{"line":11,"column":23},"end":{"line":11,"column":null}},"3":{"start":{"line":12,"column":4},"end":{"line":12,"column":null}}},"fnMap":{"0":{"name":"checkMail","decl":{"start":{"line":6,"column":16},"end":{"line":6,"column":26}},"loc":{"start":{"line":6,"column":49},"end":{"line":12,"column":null}},"line":6}},"branchMap":{"0":{"loc":{"start":{"line":7,"column":4},"end":{"line":8,"column":null}},"type":"if","locations":[{"start":{"line":7,"column":4},"end":{"line":8,"column":null}},{"start":{},"end":{}}],"line":7}},"s":{"0":37,"1":3,"2":34,"3":34},"f":{"0":37},"b":{"0":[3,34]},"meta":{"lastBranch":1,"lastFunction":1,"lastStatement":4,"seen":{"f:6:16:6:26":0,"b:7:4:8:Infinity:undefined:undefined:undefined:undefined":0,"s:7:4:8:Infinity":0,"s:8:8:8:Infinity":1,"s:11:23:11:Infinity":2,"s:12:4:12:Infinity":3}}}
}
