<?xml version="1.0" encoding="UTF-8"?>
<coverage generated="1777989075405" clover="3.2.0">
  <project timestamp="1777989075405" name="All files">
    <metrics statements="81" coveredstatements="59" conditionals="70" coveredconditionals="52" methods="41" coveredmethods="29" elements="192" coveredelements="140" complexity="0" loc="81" ncloc="81" packages="8" files="18" classes="18"/>
    <package name="src">
      <metrics statements="1" coveredstatements="1" conditionals="0" coveredconditionals="0" methods="1" coveredmethods="1"/>
      <file name="App.css" path="/Users/enzokeil/Desktop/ci-cd-project/src/App.css">
        <metrics statements="0" coveredstatements="0" conditionals="0" coveredconditionals="0" methods="0" coveredmethods="0"/>
      </file>
      <file name="App.tsx" path="/Users/enzokeil/Desktop/ci-cd-project/src/App.tsx">
        <metrics statements="1" coveredstatements="1" conditionals="0" coveredconditionals="0" methods="1" coveredmethods="1"/>
        <line num="5" count="3" type="stmt"/>
      </file>
    </package>
    <package name="src.assets">
      <metrics statements="0" coveredstatements="0" conditionals="0" coveredconditionals="0" methods="0" coveredmethods="0"/>
      <file name="hero.png" path="/Users/enzokeil/Desktop/ci-cd-project/src/assets/hero.png">
        <metrics statements="0" coveredstatements="0" conditionals="0" coveredconditionals="0" methods="0" coveredmethods="0"/>
      </file>
      <file name="react.svg" path="/Users/enzokeil/Desktop/ci-cd-project/src/assets/react.svg">
        <metrics statements="0" coveredstatements="0" conditionals="0" coveredconditionals="0" methods="0" coveredmethods="0"/>
      </file>
      <file name="vite.svg" path="/Users/enzokeil/Desktop/ci-cd-project/src/assets/vite.svg">
        <metrics statements="0" coveredstatements="0" conditionals="0" coveredconditionals="0" methods="0" coveredmethods="0"/>
      </file>
    </package>
    <package name="src.components.Counter">
      <metrics statements="4" coveredstatements="4" conditionals="0" coveredconditionals="0" methods="3" coveredmethods="3"/>
      <file name="Counter.tsx" path="/Users/enzokeil/Desktop/ci-cd-project/src/components/Counter/Counter.tsx">
        <metrics statements="4" coveredstatements="4" conditionals="0" coveredconditionals="0" methods="3" coveredmethods="3"/>
        <line num="3" count="2" type="stmt"/>
        <line num="4" count="24" type="stmt"/>
        <line num="6" count="24" type="stmt"/>
        <line num="10" count="1" type="stmt"/>
      </file>
    </package>
    <package name="src.components.Hero">
      <metrics statements="2" coveredstatements="2" conditionals="0" coveredconditionals="0" methods="1" coveredmethods="1"/>
      <file name="Hero.tsx" path="/Users/enzokeil/Desktop/ci-cd-project/src/components/Hero/Hero.tsx">
        <metrics statements="2" coveredstatements="2" conditionals="0" coveredconditionals="0" methods="1" coveredmethods="1"/>
        <line num="5" count="1" type="stmt"/>
        <line num="6" count="22" type="stmt"/>
      </file>
    </package>
    <package name="src.components.ui">
      <metrics statements="41" coveredstatements="19" conditionals="27" coveredconditionals="9" methods="27" coveredmethods="15"/>
      <file name="button.tsx" path="/Users/enzokeil/Desktop/ci-cd-project/src/components/ui/button.tsx">
        <metrics statements="3" coveredstatements="3" conditionals="5" coveredconditionals="4" methods="1" coveredmethods="1"/>
        <line num="7" count="2" type="stmt"/>
        <line num="52" count="50" type="cond" truecount="1" falsecount="1"/>
        <line num="54" count="50" type="stmt"/>
      </file>
      <file name="dialog.tsx" path="/Users/enzokeil/Desktop/ci-cd-project/src/components/ui/dialog.tsx">
        <metrics statements="10" coveredstatements="7" conditionals="6" coveredconditionals="3" methods="10" coveredmethods="7"/>
        <line num="11" count="22" type="stmt"/>
        <line num="17" count="0" type="stmt"/>
        <line num="23" count="22" type="stmt"/>
        <line num="29" count="0" type="stmt"/>
        <line num="36" count="3" type="stmt"/>
        <line num="56" count="22" type="stmt"/>
        <line num="87" count="2" type="stmt"/>
        <line num="104" count="0" type="stmt"/>
        <line num="127" count="2" type="stmt"/>
        <line num="143" count="2" type="stmt"/>
      </file>
      <file name="field.tsx" path="/Users/enzokeil/Desktop/ci-cd-project/src/components/ui/field.tsx">
        <metrics statements="24" coveredstatements="6" conditionals="14" coveredconditionals="2" methods="13" coveredmethods="5"/>
        <line num="9" count="22" type="stmt"/>
        <line num="26" count="22" type="stmt"/>
        <line num="40" count="22" type="stmt"/>
        <line num="52" count="1" type="stmt"/>
        <line num="75" count="132" type="stmt"/>
        <line num="87" count="0" type="stmt"/>
        <line num="103" count="132" type="stmt"/>
        <line num="117" count="0" type="stmt"/>
        <line num="130" count="0" type="stmt"/>
        <line num="151" count="0" type="stmt"/>
        <line num="182" count="0" type="stmt"/>
        <line num="183" count="0" type="cond" truecount="0" falsecount="2"/>
        <line num="184" count="0" type="stmt"/>
        <line num="187" count="0" type="cond" truecount="0" falsecount="2"/>
        <line num="188" count="0" type="stmt"/>
        <line num="191" count="0" type="stmt"/>
        <line num="192" count="0" type="stmt"/>
        <line num="195" count="0" type="cond" truecount="0" falsecount="2"/>
        <line num="196" count="0" type="stmt"/>
        <line num="199" count="0" type="stmt"/>
        <line num="203" count="0" type="cond" truecount="0" falsecount="2"/>
        <line num="209" count="0" type="cond" truecount="0" falsecount="2"/>
        <line num="210" count="0" type="stmt"/>
        <line num="213" count="0" type="stmt"/>
      </file>
      <file name="input.tsx" path="/Users/enzokeil/Desktop/ci-cd-project/src/components/ui/input.tsx">
        <metrics statements="1" coveredstatements="1" conditionals="0" coveredconditionals="0" methods="1" coveredmethods="1"/>
        <line num="6" count="132" type="stmt"/>
      </file>
      <file name="label.tsx" path="/Users/enzokeil/Desktop/ci-cd-project/src/components/ui/label.tsx">
        <metrics statements="1" coveredstatements="1" conditionals="0" coveredconditionals="0" methods="1" coveredmethods="1"/>
        <line num="10" count="132" type="stmt"/>
      </file>
      <file name="separator.tsx" path="/Users/enzokeil/Desktop/ci-cd-project/src/components/ui/separator.tsx">
        <metrics statements="2" coveredstatements="1" conditionals="2" coveredconditionals="0" methods="1" coveredmethods="0"/>
        <line num="1" count="1" type="stmt"/>
        <line num="14" count="0" type="stmt"/>
      </file>
    </package>
    <package name="src.lib">
      <metrics statements="1" coveredstatements="1" conditionals="0" coveredconditionals="0" methods="1" coveredmethods="1"/>
      <file name="utils.ts" path="/Users/enzokeil/Desktop/ci-cd-project/src/lib/utils.ts">
        <metrics statements="1" coveredstatements="1" conditionals="0" coveredconditionals="0" methods="1" coveredmethods="1"/>
        <line num="5" count="675" type="stmt"/>
      </file>
    </package>
    <package name="src.pages.HomePage">
      <metrics statements="14" coveredstatements="14" conditionals="29" coveredconditionals="29" methods="4" coveredmethods="4"/>
      <file name="HomePage.tsx" path="/Users/enzokeil/Desktop/ci-cd-project/src/pages/HomePage/HomePage.tsx">
        <metrics statements="14" coveredstatements="14" conditionals="29" coveredconditionals="29" methods="4" coveredmethods="4"/>
        <line num="24" count="1" type="stmt"/>
        <line num="25" count="22" type="stmt"/>
        <line num="26" count="22" type="stmt"/>
        <line num="36" count="22" type="cond" truecount="6" falsecount="0"/>
        <line num="44" count="22" type="stmt"/>
        <line num="45" count="2" type="stmt"/>
        <line num="46" count="2" type="cond" truecount="2" falsecount="0"/>
        <line num="48" count="1" type="stmt"/>
        <line num="49" count="1" type="stmt"/>
        <line num="50" count="1" type="stmt"/>
        <line num="54" count="22" type="stmt"/>
        <line num="55" count="17" type="stmt"/>
        <line num="58" count="22" type="stmt"/>
        <line num="126" count="1" type="stmt"/>
      </file>
    </package>
    <package name="src.utils">
      <metrics statements="18" coveredstatements="18" conditionals="14" coveredconditionals="14" methods="4" coveredmethods="4"/>
      <file name="age.ts" path="/Users/enzokeil/Desktop/ci-cd-project/src/utils/age.ts">
        <metrics statements="8" coveredstatements="8" conditionals="8" coveredconditionals="8" methods="1" coveredmethods="1"/>
        <line num="7" count="24" type="cond" truecount="2" falsecount="0"/>
        <line num="9" count="18" type="cond" truecount="2" falsecount="0"/>
        <line num="11" count="24" type="cond" truecount="4" falsecount="0"/>
        <line num="12" count="2" type="stmt"/>
        <line num="15" count="16" type="stmt"/>
        <line num="16" count="16" type="stmt"/>
        <line num="17" count="16" type="stmt"/>
        <line num="19" count="16" type="stmt"/>
      </file>
      <file name="form.ts" path="/Users/enzokeil/Desktop/ci-cd-project/src/utils/form.ts">
        <metrics statements="6" coveredstatements="6" conditionals="4" coveredconditionals="4" methods="2" coveredmethods="2"/>
        <line num="7" count="95" type="cond" truecount="2" falsecount="0"/>
        <line num="9" count="93" type="stmt"/>
        <line num="10" count="93" type="stmt"/>
        <line num="19" count="18" type="cond" truecount="2" falsecount="0"/>
        <line num="20" count="16" type="stmt"/>
        <line num="21" count="16" type="stmt"/>
      </file>
      <file name="mail.ts" path="/Users/enzokeil/Desktop/ci-cd-project/src/utils/mail.ts">
        <metrics statements="4" coveredstatements="4" conditionals="2" coveredconditionals="2" methods="1" coveredmethods="1"/>
        <line num="7" count="37" type="cond" truecount="2" falsecount="0"/>
        <line num="8" count="3" type="stmt"/>
        <line num="11" count="34" type="stmt"/>
        <line num="12" count="34" type="stmt"/>
      </file>
    </package>
  </project>
</coverage>
